<?xml version="1.0" encoding="UTF-8"?>
<!-- Generated by org.testng.reporters.JUnitReportReporter -->
<testsuite hostname="DESKTOP-FT5QTRT" failures="0" tests="1" name="API.ApiTest" time="4.029" errors="0" timestamp="2024-08-03T16:52:22 IST" skipped="0">
  <testcase classname="API.ApiTest" name="testResponseTime" time="4.029"/>
</testsuite> <!-- API.ApiTest -->
