<?xml version="1.0" encoding="UTF-8"?>
<!-- Generated by org.testng.reporters.JUnitReportReporter -->
<testsuite hostname="DESKTOP-FT5QTRT" failures="0" tests="2" name="API.ApiTestFramework" time="6.237" errors="0" timestamp="2024-08-03T16:43:52 IST" skipped="0">
  <testcase classname="API.ApiTestFramework" name="testCountryDetails" time="0.659"/>
  <testcase classname="API.ApiTestFramework" name="testCountryDetails" time="5.578"/>
</testsuite> <!-- API.ApiTestFramework -->
